#-----------------------------------------------------------
# Webtalk v2019.1 (64-bit)
# SW Build 2552052 on Fri May 24 14:49:42 MDT 2019
# 
# Start of session at: Sat Jun 26 22:38:17 2021
# Process ID: 3856
# Current directory: E:/MucOS/MucOS.sdk/webtalk
# Command line: wbtcv.exe -mode batch -source sdk_webtalk.tcl
# Log file: E:/MucOS/MucOS.sdk/webtalk/webtalk.log
# Journal file: E:/MucOS/MucOS.sdk/webtalk\webtalk.jou
#-----------------------------------------------------------
source sdk_webtalk.tcl
# webtalk_init -webtalk_dir E:\\MucOS\\MucOS.sdk\\webtalk
# webtalk_register_client -client project
# webtalk_add_data -client project -key date_generated -value "2021-06-26 22:38:14" -context "software_version_and_target_device"
# webtalk_add_data -client project -key product_version -value "SDK v2019.1" -context "software_version_and_target_device"
# webtalk_add_data -client project -key build_version -value "2019.1" -context "software_version_and_target_device"
# webtalk_add_data -client project -key os_platform -value "amd64" -context "software_version_and_target_device"
# webtalk_add_data -client project -key registration_id -value "" -context "software_version_and_target_device"
# webtalk_add_data -client project -key tool_flow -value "SDK" -context "software_version_and_target_device"
# webtalk_add_data -client project -key beta -value "false" -context "software_version_and_target_device"
# webtalk_add_data -client project -key route_design -value "NA" -context "software_version_and_target_device"
# webtalk_add_data -client project -key target_family -value "NA" -context "software_version_and_target_device"
# webtalk_add_data -client project -key target_device -value "NA" -context "software_version_and_target_device"
# webtalk_add_data -client project -key target_package -value "NA" -context "software_version_and_target_device"
# webtalk_add_data -client project -key target_speed -value "NA" -context "software_version_and_target_device"
# webtalk_add_data -client project -key random_id -value "r5nhqj04vs4es2a9v6jomqbg4q" -context "software_version_and_target_device"
# webtalk_add_data -client project -key project_id -value "2019.1_1" -context "software_version_and_target_device"
# webtalk_add_data -client project -key project_iteration -value "1" -context "software_version_and_target_device"
# webtalk_add_data -client project -key os_name -value "Microsoft Windows 8 or later , 64-bit" -context "user_environment"
# webtalk_add_data -client project -key os_release -value "major release  (build 9200)" -context "user_environment"
# webtalk_add_data -client project -key cpu_name -value "Intel(R) Core(TM) i7-8550U CPU @ 1.80GHz" -context "user_environment"
# webtalk_add_data -client project -key cpu_speed -value "1992 MHz" -context "user_environment"
# webtalk_add_data -client project -key total_processors -value "1" -context "user_environment"
# webtalk_add_data -client project -key system_ram -value "8.482 GB" -context "user_environment"
# webtalk_register_client -client sdk
# webtalk_add_data -client sdk -key uid -value "1624716447730" -context "sdk\\\\hardware/1624716447730"
# webtalk_add_data -client sdk -key isZynq -value "false" -context "sdk\\\\hardware/1624716447730"
# webtalk_add_data -client sdk -key isZynqMP -value "false" -context "sdk\\\\hardware/1624716447730"
# webtalk_add_data -client sdk -key Processors -value "1" -context "sdk\\\\hardware/1624716447730"
# webtalk_add_data -client sdk -key VivadoVersion -value "2019.1" -context "sdk\\\\hardware/1624716447730"
# webtalk_add_data -client sdk -key Arch -value "artix7" -context "sdk\\\\hardware/1624716447730"
# webtalk_add_data -client sdk -key Device -value "7a100t" -context "sdk\\\\hardware/1624716447730"
# webtalk_add_data -client sdk -key IsHandoff -value "true" -context "sdk\\\\hardware/1624716447730"
# webtalk_add_data -client sdk -key os -value "NA" -context "sdk\\\\hardware/1624716447730"
# webtalk_add_data -client sdk -key apptemplate -value "NA" -context "sdk\\\\hardware/1624716447730"
# webtalk_add_data -client sdk -key RecordType -value "HWCreation" -context "sdk\\\\hardware/1624716447730"
# webtalk_add_data -client sdk -key uid -value "1624717008801" -context "sdk\\\\bsp/1624717008801"
# webtalk_add_data -client sdk -key hwid -value "1624716447730" -context "sdk\\\\bsp/1624717008801"
# webtalk_add_data -client sdk -key os -value "ucos" -context "sdk\\\\bsp/1624717008801"
# webtalk_add_data -client sdk -key apptemplate -value "helloworld_osiii" -context "sdk\\\\bsp/1624717008801"
# webtalk_add_data -client sdk -key RecordType -value "BSPCreation" -context "sdk\\\\bsp/1624717008801"
# webtalk_add_data -client sdk -key uid -value "1624717016822" -context "sdk\\\\application/1624717016822"
# webtalk_add_data -client sdk -key hwid -value "1624716447730" -context "sdk\\\\application/1624717016822"
# webtalk_add_data -client sdk -key bspid -value "1624717008801" -context "sdk\\\\application/1624717016822"
# webtalk_add_data -client sdk -key newbsp -value "true" -context "sdk\\\\application/1624717016822"
# webtalk_add_data -client sdk -key os -value "ucos" -context "sdk\\\\application/1624717016822"
# webtalk_add_data -client sdk -key apptemplate -value "helloworld_osiii" -context "sdk\\\\application/1624717016822"
# webtalk_add_data -client sdk -key RecordType -value "APPCreation" -context "sdk\\\\application/1624717016822"
# webtalk_add_data -client sdk -key LangUsed -value "C" -context "sdk\\\\application/1624717016822"
# webtalk_add_data -client sdk -key Procused -value "microblaze" -context "sdk\\\\application/1624717016822"
# webtalk_add_data -client sdk -key uid -value "1624717761566" -context "sdk\\\\bsp/1624717761566"
# webtalk_add_data -client sdk -key hwid -value "1624716447730" -context "sdk\\\\bsp/1624717761566"
# webtalk_add_data -client sdk -key os -value "ucos" -context "sdk\\\\bsp/1624717761566"
# webtalk_add_data -client sdk -key apptemplate -value "helloworld_osii" -context "sdk\\\\bsp/1624717761566"
# webtalk_add_data -client sdk -key RecordType -value "BSPCreation" -context "sdk\\\\bsp/1624717761566"
# webtalk_add_data -client sdk -key uid -value "1624717763698" -context "sdk\\\\application/1624717763698"
# webtalk_add_data -client sdk -key hwid -value "1624716447730" -context "sdk\\\\application/1624717763698"
# webtalk_add_data -client sdk -key bspid -value "1624717761566" -context "sdk\\\\application/1624717763698"
# webtalk_add_data -client sdk -key newbsp -value "true" -context "sdk\\\\application/1624717763698"
# webtalk_add_data -client sdk -key os -value "ucos" -context "sdk\\\\application/1624717763698"
# webtalk_add_data -client sdk -key apptemplate -value "helloworld_osii" -context "sdk\\\\application/1624717763698"
# webtalk_add_data -client sdk -key RecordType -value "APPCreation" -context "sdk\\\\application/1624717763698"
# webtalk_add_data -client sdk -key LangUsed -value "C" -context "sdk\\\\application/1624717763698"
# webtalk_add_data -client sdk -key Procused -value "microblaze" -context "sdk\\\\application/1624717763698"
# webtalk_add_data -client sdk -key uid -value "1624717830130" -context "sdk\\\\bsp/1624717830130"
# webtalk_add_data -client sdk -key hwid -value "1624716447730" -context "sdk\\\\bsp/1624717830130"
# webtalk_add_data -client sdk -key os -value "ucos" -context "sdk\\\\bsp/1624717830130"
# webtalk_add_data -client sdk -key apptemplate -value "helloworld_osiii" -context "sdk\\\\bsp/1624717830130"
# webtalk_add_data -client sdk -key RecordType -value "BSPCreation" -context "sdk\\\\bsp/1624717830130"
# webtalk_add_data -client sdk -key uid -value "1624717833057" -context "sdk\\\\application/1624717833057"
# webtalk_add_data -client sdk -key hwid -value "1624716447730" -context "sdk\\\\application/1624717833057"
# webtalk_add_data -client sdk -key bspid -value "1624717830130" -context "sdk\\\\application/1624717833057"
# webtalk_add_data -client sdk -key newbsp -value "true" -context "sdk\\\\application/1624717833057"
# webtalk_add_data -client sdk -key os -value "ucos" -context "sdk\\\\application/1624717833057"
# webtalk_add_data -client sdk -key apptemplate -value "helloworld_osiii" -context "sdk\\\\application/1624717833057"
# webtalk_add_data -client sdk -key RecordType -value "APPCreation" -context "sdk\\\\application/1624717833057"
# webtalk_add_data -client sdk -key LangUsed -value "C" -context "sdk\\\\application/1624717833057"
# webtalk_add_data -client sdk -key Procused -value "microblaze" -context "sdk\\\\application/1624717833057"
# webtalk_add_data -client sdk -key uid -value "NA" -context "sdk\\\\bsp/1624718294788"
# webtalk_add_data -client sdk -key RecordType -value "ToolUsage" -context "sdk\\\\bsp/1624718294788"
# webtalk_add_data -client sdk -key BootgenCount -value "0" -context "sdk\\\\bsp/1624718294788"
# webtalk_add_data -client sdk -key DebugCount -value "0" -context "sdk\\\\bsp/1624718294788"
# webtalk_add_data -client sdk -key PerfCount -value "0" -context "sdk\\\\bsp/1624718294788"
# webtalk_add_data -client sdk -key FlashCount -value "0" -context "sdk\\\\bsp/1624718294788"
# webtalk_add_data -client sdk -key CrossTriggCount -value "0" -context "sdk\\\\bsp/1624718294788"
# webtalk_add_data -client sdk -key QemuDebugCount -value "0" -context "sdk\\\\bsp/1624718294788"
# webtalk_transmit -clientid 473854090 -regid "" -xml E:\\MucOS\\MucOS.sdk\\webtalk\\usage_statistics_ext_sdk.xml -html E:\\MucOS\\MucOS.sdk\\webtalk\\usage_statistics_ext_sdk.html -wdm E:\\MucOS\\MucOS.sdk\\webtalk\\sdk_webtalk.wdm -intro "<H3>SDK Usage Report</H3><BR>"
INFO: [Common 17-186] 'E:\MucOS\MucOS.sdk\webtalk\usage_statistics_ext_sdk.xml' has been successfully sent to Xilinx on Sat Jun 26 22:38:22 2021. For additional details about this file, please refer to the WebTalk help file at E:/Xilinx/SDK/2019.1/doc/webtalk_introduction.html.
# webtalk_terminate
INFO: [Common 17-206] Exiting Webtalk at Sat Jun 26 22:38:22 2021...
